<testsuites name="jest tests" tests="1" failures="0" time="4.509">
  <testsuite name="basic rendering" errors="0" failures="0" skipped="0" timestamp="2018-11-13T20:24:11" time="4.509" tests="1">
    <testcase classname="basic rendering renders expected icons" name="basic rendering renders expected icons" time="0.247">
    </testcase>
  </testsuite>
</testsuites>